<?xml version="1.0" encoding="UTF-8"?>
<!-- Generated by org.testng.reporters.JUnitReportReporter -->
<testsuite skipped="0" hostname="Pauus-PC" name="FirstMavenTestCase" tests="4" failures="0" timestamp="29 Dec 2018 19:54:11 GMT" time="0.015" errors="0">
  <testcase name="C" time="0.002" classname="FirstMavenTestCase"/>
  <testcase name="D" time="0.001" classname="FirstMavenTestCase"/>
  <testcase name="A" time="0.010" classname="FirstMavenTestCase"/>
  <testcase name="B" time="0.002" classname="FirstMavenTestCase"/>
</testsuite> <!-- FirstMavenTestCase -->
