<?xml version="1.0" encoding="UTF-8"?>
<!-- Generated by org.testng.reporters.JUnitReportReporter -->
<testsuite skipped="0" hostname="Pauus-PC" name="com.learnmaven.test.SecondMavenTestCase" tests="4" failures="0" timestamp="29 Dec 2018 20:12:07 GMT" time="0.006" errors="0">
  <testcase name="E" time="0.001" classname="com.learnmaven.test.SecondMavenTestCase"/>
  <testcase name="H" time="0.001" classname="com.learnmaven.test.SecondMavenTestCase"/>
  <testcase name="F" time="0.002" classname="com.learnmaven.test.SecondMavenTestCase"/>
  <testcase name="G" time="0.002" classname="com.learnmaven.test.SecondMavenTestCase"/>
</testsuite> <!-- com.learnmaven.test.SecondMavenTestCase -->
