<?xml version="1.0" encoding="UTF-8"?>
<!-- Generated by org.testng.reporters.JUnitReportReporter -->
<testsuite skipped="0" hostname="Pauus-PC" name="com.learnmaven.test.FirstMavenTestCase" tests="4" failures="0" timestamp="29 Dec 2018 20:12:07 GMT" time="0.016" errors="0">
  <testcase name="D" time="0.001" classname="com.learnmaven.test.FirstMavenTestCase"/>
  <testcase name="A" time="0.011" classname="com.learnmaven.test.FirstMavenTestCase"/>
  <testcase name="B" time="0.002" classname="com.learnmaven.test.FirstMavenTestCase"/>
  <testcase name="C" time="0.002" classname="com.learnmaven.test.FirstMavenTestCase"/>
</testsuite> <!-- com.learnmaven.test.FirstMavenTestCase -->
