<?xml version="1.0" encoding="UTF-8"?>
<!-- Generated by org.testng.reporters.JUnitReportReporter -->
<testsuite hostname="Pauus-PC" failures="0" tests="4" name="com.learnmaven.test.FirstMavenTestCase" time="0.008" errors="0" timestamp="29 Dec 2018 20:19:45 GMT" skipped="0">
  <testcase classname="com.learnmaven.test.FirstMavenTestCase" name="A" time="0.007"/>
  <testcase classname="com.learnmaven.test.FirstMavenTestCase" name="B" time="0.000"/>
  <testcase classname="com.learnmaven.test.FirstMavenTestCase" name="C" time="0.001"/>
  <testcase classname="com.learnmaven.test.FirstMavenTestCase" name="D" time="0.000"/>
</testsuite> <!-- com.learnmaven.test.FirstMavenTestCase -->
