<?xml version="1.0" encoding="UTF-8"?>
<!-- Generated by org.testng.reporters.JUnitReportReporter -->
<testsuite hostname="Pauus-PC" failures="0" tests="4" name="com.learnmaven.test.SecondMavenTestCase" time="0.000" errors="0" timestamp="29 Dec 2018 20:19:45 GMT" skipped="0">
  <testcase classname="com.learnmaven.test.SecondMavenTestCase" name="E" time="0.000"/>
  <testcase classname="com.learnmaven.test.SecondMavenTestCase" name="H" time="0.000"/>
  <testcase classname="com.learnmaven.test.SecondMavenTestCase" name="F" time="0.000"/>
  <testcase classname="com.learnmaven.test.SecondMavenTestCase" name="G" time="0.000"/>
</testsuite> <!-- com.learnmaven.test.SecondMavenTestCase -->
